
Showing logs for build [32mcb-kubecd-bdd-nh-1586523692-mas-5fmlz-1[0m stage [32mfrom-build-pack[0m and container [32mstep-credential-initializer-wkc29[0m
{"level":"warn","ts":1586523919.607083,"logger":"fallback-logger","caller":"logging/config.go:69","msg":"Fetch GitHub commit ID from kodata failed: \"ref: refs/heads/0.8.0-**-support-backwards-incompats\" is not a valid GitHub commit ID"}
{"level":"info","ts":1586523919.6076503,"logger":"fallback-logger","caller":"creds-init/main.go:40","msg":"Credentials initialized."}

Showing logs for build [32mcb-kubecd-bdd-nh-1586523692-mas-5fmlz-1[0m stage [32mfrom-build-pack[0m and container [32mstep-working-dir-initializer-tmvxv[0m
{"level":"warn","ts":1586523920.3675852,"logger":"fallback-logger","caller":"logging/config.go:69","msg":"Fetch GitHub commit ID from kodata failed: open /var/run/ko/HEAD: no such file or directory"}
{"level":"info","ts":1586523920.368955,"logger":"fallback-logger","caller":"bash/main.go:64","msg":"Successfully executed command \"sh -c mkdir -p /workspace/source\"; output "}

Showing logs for build [32mcb-kubecd-bdd-nh-1586523692-mas-5fmlz-1[0m stage [32mfrom-build-pack[0m and container [32mstep-place-tools[0m

Showing logs for build [32mcb-kubecd-bdd-nh-1586523692-mas-5fmlz-1[0m stage [32mfrom-build-pack[0m and container [32mstep-git-source-cb-kubecd-bdd-nh-1586523692-mas-5fmlz-4qm4t[0m
{"level":"warn","ts":1586523972.5570347,"logger":"fallback-logger","caller":"logging/config.go:69","msg":"Fetch GitHub commit ID from kodata failed: \"ref: refs/heads/0.8.0-**-support-backwards-incompats\" is not a valid GitHub commit ID"}
{"level":"info","ts":1586523973.6750863,"logger":"fallback-logger","caller":"git/git.go:103","msg":"Successfully cloned https://github.com/cb-kubecd/bdd-nh-1586523692.git @ v0.0.1 in path /workspace/source"}

Showing logs for build [32mcb-kubecd-bdd-nh-1586523692-mas-5fmlz-1[0m stage [32mfrom-build-pack[0m and container [32mstep-git-merge[0m
Using SHAs from PULL_REFS=master:1a6b44e327993053e51b722750651acad9d0c9ee
WARNING: no SHAs to merge, falling back to initial cloned commit

Showing logs for build [32mcb-kubecd-bdd-nh-1586523692-mas-5fmlz-1[0m stage [32mfrom-build-pack[0m and container [32mstep-setup-jx-git-credentials[0m
Generated Git credentials file /workspace/xdg_config/git/credentials

Showing logs for build [32mcb-kubecd-bdd-nh-1586523692-mas-5fmlz-1[0m stage [32mfrom-build-pack[0m and container [32mstep-build-npmrc[0m
Command "credential" is deprecated, it will be removed on Jun 1 2020.  This is replaced by Tekton's mounted secrets
WARNING: failed to find Secret npm-token in namespace **

Showing logs for build [32mcb-kubecd-bdd-nh-1586523692-mas-5fmlz-1[0m stage [32mfrom-build-pack[0m and container [32mstep-build-npm-install[0m
npm notice created a lockfile as package-lock.json. You should commit this file.
npm WARN REPLACE_ME@1.0.0 No repository field.
npm WARN REPLACE_ME@1.0.0 No license field.

up to date in 0.512s
found 0 vulnerabilities


Showing logs for build [32mcb-kubecd-bdd-nh-1586523692-mas-5fmlz-1[0m stage [32mfrom-build-pack[0m and container [32mstep-build-npm-test[0m

> REPLACE_ME@1.0.0 test /workspace/source
> echo "no test specified" && exit 0

no test specified

Showing logs for build [32mcb-kubecd-bdd-nh-1586523692-mas-5fmlz-1[0m stage [32mfrom-build-pack[0m and container [32mstep-build-container-build[0m
[36mINFO[0m[0000] Resolved base name node:9-slim to node:9-slim 
[36mINFO[0m[0000] Using dockerignore file: /workspace/source/.dockerignore 
[36mINFO[0m[0000] Resolved base name node:9-slim to node:9-slim 
[36mINFO[0m[0000] Retrieving image manifest node:9-slim        
ERROR: logging before flag.Parse: E0410 13:06:22.039180      10 metadata.go:142] while reading 'google-dockercfg' metadata: http status code: 404 while fetching url http://metadata.google.internal./computeMetadata/v1/instance/attributes/google-dockercfg
ERROR: logging before flag.Parse: E0410 13:06:22.043248      10 metadata.go:159] while reading 'google-dockercfg-url' metadata: http status code: 404 while fetching url http://metadata.google.internal./computeMetadata/v1/instance/attributes/google-dockercfg-url
[36mINFO[0m[0001] Retrieving image manifest node:9-slim        
[36mINFO[0m[0002] Built cross stage deps: map[]                
[36mINFO[0m[0002] Retrieving image manifest node:9-slim        
[36mINFO[0m[0003] Retrieving image manifest node:9-slim        
[36mINFO[0m[0004] cmd: EXPOSE                                  
[36mINFO[0m[0004] Adding exposed port: 8080/tcp                
[36mINFO[0m[0004] Checking for cached layer gcr.io/jenkins-x-bdd3/cache:d52ede1e6c90e4cb1a5948ea377a1af4bd795cc183326225a9f9b13a31727e69... 
[36mINFO[0m[0004] No cached layer found for cmd COPY . .       
[36mINFO[0m[0004] Unpacking rootfs as cmd COPY . . requires it. 
[36mINFO[0m[0012] Taking snapshot of full filesystem...        
[36mINFO[0m[0013] Resolving paths                              
[36mINFO[0m[0016] ENV PORT 8080                                
[36mINFO[0m[0016] No files changed in this command, skipping snapshotting. 
[36mINFO[0m[0016] EXPOSE 8080                                  
[36mINFO[0m[0016] cmd: EXPOSE                                  
[36mINFO[0m[0016] Adding exposed port: 8080/tcp                
[36mINFO[0m[0016] No files changed in this command, skipping snapshotting. 
[36mINFO[0m[0016] WORKDIR /usr/src/app                         
[36mINFO[0m[0016] cmd: workdir                                 
[36mINFO[0m[0016] Changed working directory to /usr/src/app    
[36mINFO[0m[0016] Creating directory /usr/src/app              
[36mINFO[0m[0016] Resolving paths                              
[36mINFO[0m[0016] Taking snapshot of files...                  
[36mINFO[0m[0016] COPY . .                                     
[36mINFO[0m[0016] Resolving paths                              
[36mINFO[0m[0016] Taking snapshot of files...                  
[36mINFO[0m[0016] CMD ["npm", "start"]                         
[36mINFO[0m[0016] Pushing layer gcr.io/jenkins-x-bdd3/cache:d52ede1e6c90e4cb1a5948ea377a1af4bd795cc183326225a9f9b13a31727e69 to cache now 
[36mINFO[0m[0016] No files changed in this command, skipping snapshotting. 

Showing logs for build [32mcb-kubecd-bdd-nh-1586523692-mas-5fmlz-1[0m stage [32mfrom-build-pack[0m and container [32mstep-build-post-build[0m
no CVE provider running in the current ** namespace so skip adding image to be analysed

Showing logs for build [32mcb-kubecd-bdd-nh-1586523692-mas-5fmlz-1[0m stage [32mfrom-build-pack[0m and container [32mstep-promote-changelog[0m
Converted /workspace/source/charts/bdd-nh-1586523692 to an unshallow repository
Generating change log from git ref 8b9f0876594e2c38c4e84c90ecc666d5f3d6bc33 => 64ba437c98e47c455a9b026f9056eec3c7c6a1cf
Associating user x-0 in users.jenkins.io with email c**d-bot@cloudbees.com to git GitProvider user with login -0 as emails match
Adding label jenkins.io/git-github-userid=-0 to user x-0 in users.jenkins.io
WARNING: Failed to enrich commit 1a6b44e327993053e51b722750651acad9d0c9ee with issues: User.jenkins.io "x-0" is invalid: metadata.labels: Invalid value: "-0": a valid label must be an empty string or consist of alphanumeric characters, '-', '_' or '.', and must start and end with an alphanumeric character (e.g. 'MyValue',  or 'my_value',  or '12345', regex used for validation is '(([A-Za-z0-9][-A-Za-z0-9_.]*)?[A-Za-z0-9])?')
Associating user x-0 in users.jenkins.io with email c**d-bot@cloudbees.com to git GitProvider user with login -0 as emails match
Adding label jenkins.io/git-github-userid=-0 to user x-0 in users.jenkins.io
WARNING: Failed to enrich commit 1a6b44e327993053e51b722750651acad9d0c9ee with issues: User.jenkins.io "x-0" is invalid: metadata.labels: Invalid value: "-0": a valid label must be an empty string or consist of alphanumeric characters, '-', '_' or '.', and must start and end with an alphanumeric character (e.g. 'MyValue',  or 'my_value',  or '12345', regex used for validation is '(([A-Za-z0-9][-A-Za-z0-9_.]*)?[A-Za-z0-9])?')
Finding issues in commit messages using git format
WARNING: No release found for cb-kubecd/bdd-nh-1586523692 and tag v0.0.1 so creating a new release
Updated the release information at https://github.com/cb-kubecd/bdd-nh-1586523692/releases/tag/v0.0.1
generated: /workspace/source/charts/bdd-nh-1586523692/templates/release.yaml
Created Release bdd-nh-1586523692-0-0-1 resource in namespace **
Updating PipelineActivity cb-kubecd-bdd-nh-1586523692-master-1 with version 0.0.1
Updated PipelineActivities cb-kubecd-bdd-nh-1586523692-master-1 with release notes URL: https://github.com/cb-kubecd/bdd-nh-1586523692/releases/tag/v0.0.1

Showing logs for build [32mcb-kubecd-bdd-nh-1586523692-mas-5fmlz-1[0m stage [32mfrom-build-pack[0m and container [32mstep-promote-helm-release[0m
WARNING: No $CHART_REPOSITORY defined so using the default value of: http://jenkins-x-chartmuseum:8080
Adding missing Helm repo: storage.googleapis.com https://storage.googleapis.com/chartmuseum.jenkins-x.io
WARNING: No secrets found on "helm/repos" due: reading the secret "helm/repos" from vault: no secret "helm/repos" not found in vault
Read credentials for https://storage.googleapis.com/chartmuseum.jenkins-x.io from vault helm/repos
Successfully added Helm repository storage.googleapis.com.
Adding missing Helm repo: jenkins-x-chartmuseum http://jenkins-x-chartmuseum:8080
WARNING: No secrets found on "helm/repos" due: reading the secret "helm/repos" from vault: no secret "helm/repos" not found in vault
Read credentials for http://jenkins-x-chartmuseum:8080 from vault helm/repos
Successfully added Helm repository jenkins-x-chartmuseum.
WARNING: No $CHART_REPOSITORY defined so using the default value of: http://jenkins-x-chartmuseum:8080
Uploading chart file bdd-nh-1586523692-0.0.1.tgz to http://jenkins-x-chartmuseum:8080/api/charts
Received 201 response: {"saved":true}

Showing logs for build [32mcb-kubecd-bdd-nh-1586523692-mas-5fmlz-1[0m stage [32mfrom-build-pack[0m and container [32mstep-promote-jx-promote[0m
WARNING: prow based install so skip waiting for the merge of Pull Requests to go green as currently there is an issue with gettingstatuses from the PR, see https://github.com/jenkins-x/**/issues/2410
WARNING: No $CHART_REPOSITORY defined so using the default value of: http://jenkins-x-chartmuseum:8080
Promoting app bdd-nh-1586523692 version 0.0.1 to namespace **-staging
WARNING: 
Created Pull Request: https://github.com/cb-kubecd/environment-pr-198-42-boot-vault-gke-staging/pull/2
Added label updatebot to Pull Request https://github.com/cb-kubecd/environment-pr-198-42-boot-vault-gke-staging/pull/2
got git provider status pending from PR https://github.com/cb-kubecd/environment-pr-198-42-boot-vault-gke-staging/pull/2
got git provider status pending from PR https://github.com/cb-kubecd/environment-pr-198-42-boot-vault-gke-staging/pull/2
got git provider status pending from PR https://github.com/cb-kubecd/environment-pr-198-42-boot-vault-gke-staging/pull/2
got git provider status pending from PR https://github.com/cb-kubecd/environment-pr-198-42-boot-vault-gke-staging/pull/2
Pull Request https://github.com/cb-kubecd/environment-pr-198-42-boot-vault-gke-staging/pull/2 is merged at sha 75a640732cc7045fdc7100a7a0f05c8b1a16201b
Pull Request merged but we are not waiting for the update pipeline to complete!
WARNING: Could not find the service URL in namespace **-staging for names bdd-nh-1586523692, **-bdd-nh-1586523692, **-staging-bdd-nh-1586523692
